<?xml version="1.0" encoding="UTF-8"?>
<testng-results ignored="0" total="3" passed="2" failed="1" skipped="0">
  <reporter-output>
  </reporter-output>
  <suite started-at="2024-02-28T16:14:13 IST" name="All Test Suite" finished-at="2024-02-28T16:15:36 IST" duration-ms="82827">
    <groups>
    </groups>
    <test started-at="2024-02-28T16:14:13 IST" name="C:/Users/Suhas/OrangeHRMAutomationwithType2/src/test/java/com/hrm/TestCases" finished-at="2024-02-28T16:15:36 IST" duration-ms="82827">
      <class name="com.hrm.TestCases.TC_LoginPageTest">
        <test-method is-config="true" signature="setup(java.lang.String)[pri:0, instance:com.hrm.TestCases.TC_LoginPageTest@5d1659ea]" started-at="2024-02-28T16:14:13 IST" name="setup" finished-at="2024-02-28T16:14:16 IST" duration-ms="3098" status="PASS">
          <params>
            <param index="0">
              <value>
                <![CDATA[chrome]]>
              </value>
            </param>
          </params>
          <reporter-output>
          </reporter-output>
        </test-method> <!-- setup -->
        <test-method signature="VerifyloginisSuccessful()[pri:1, instance:com.hrm.TestCases.TC_LoginPageTest@5d1659ea]" started-at="2024-02-28T16:14:16 IST" name="VerifyloginisSuccessful" finished-at="2024-02-28T16:14:24 IST" duration-ms="7808" status="PASS">
          <reporter-output>
          </reporter-output>
        </test-method> <!-- VerifyloginisSuccessful -->
        <test-method is-config="true" signature="teardown()[pri:0, instance:com.hrm.TestCases.TC_LoginPageTest@5d1659ea]" started-at="2024-02-28T16:14:24 IST" name="teardown" finished-at="2024-02-28T16:14:24 IST" duration-ms="178" status="PASS">
          <reporter-output>
          </reporter-output>
        </test-method> <!-- teardown -->
      </class> <!-- com.hrm.TestCases.TC_LoginPageTest -->
      <class name="com.hrm.TestCases.TC_VerifyCreateNewEmployee">
        <test-method is-config="true" signature="setup(java.lang.String)[pri:0, instance:com.hrm.TestCases.TC_VerifyCreateNewEmployee@13cf7d52]" started-at="2024-02-28T16:14:24 IST" name="setup" finished-at="2024-02-28T16:14:25 IST" duration-ms="958" status="PASS">
          <params>
            <param index="0">
              <value>
                <![CDATA[chrome]]>
              </value>
            </param>
          </params>
          <reporter-output>
          </reporter-output>
        </test-method> <!-- setup -->
        <test-method signature="verifycreatenewemployee()[pri:2, instance:com.hrm.TestCases.TC_VerifyCreateNewEmployee@13cf7d52]" started-at="2024-02-28T16:14:25 IST" name="verifycreatenewemployee" finished-at="2024-02-28T16:15:20 IST" duration-ms="54250" status="FAIL">
          <exception class="java.lang.AssertionError">
            <message>
              <![CDATA[expected [seema ddd4] but found []]]>
            </message>
            <full-stacktrace>
              <![CDATA[java.lang.AssertionError: expected [seema ddd4] but found []
at org.testng.Assert.fail(Assert.java:110)
at org.testng.Assert.failNotEquals(Assert.java:1577)
at org.testng.Assert.assertEqualsImpl(Assert.java:149)
at org.testng.Assert.assertEquals(Assert.java:131)
at org.testng.Assert.assertEquals(Assert.java:655)
at org.testng.Assert.assertEquals(Assert.java:665)
at com.hrm.TestCases.TC_VerifyCreateNewEmployee.verifycreatenewemployee(TC_VerifyCreateNewEmployee.java:36)
at java.base/jdk.internal.reflect.NativeMethodAccessorImpl.invoke0(Native Method)
at java.base/jdk.internal.reflect.NativeMethodAccessorImpl.invoke(NativeMethodAccessorImpl.java:62)
at java.base/jdk.internal.reflect.DelegatingMethodAccessorImpl.invoke(DelegatingMethodAccessorImpl.java:43)
at java.base/java.lang.reflect.Method.invoke(Method.java:566)
at org.testng.internal.invokers.MethodInvocationHelper.invokeMethod(MethodInvocationHelper.java:139)
at org.testng.internal.invokers.TestInvoker.invokeMethod(TestInvoker.java:677)
at org.testng.internal.invokers.TestInvoker.invokeTestMethod(TestInvoker.java:221)
at org.testng.internal.invokers.MethodRunner.runInSequence(MethodRunner.java:50)
at org.testng.internal.invokers.TestInvoker$MethodInvocationAgent.invoke(TestInvoker.java:969)
at org.testng.internal.invokers.TestInvoker.invokeTestMethods(TestInvoker.java:194)
at org.testng.internal.invokers.TestMethodWorker.invokeTestMethods(TestMethodWorker.java:148)
at org.testng.internal.invokers.TestMethodWorker.run(TestMethodWorker.java:128)
at java.base/java.util.ArrayList.forEach(ArrayList.java:1541)
at org.testng.TestRunner.privateRun(TestRunner.java:829)
at org.testng.TestRunner.run(TestRunner.java:602)
at org.testng.SuiteRunner.runTest(SuiteRunner.java:437)
at org.testng.SuiteRunner.runSequentially(SuiteRunner.java:431)
at org.testng.SuiteRunner.privateRun(SuiteRunner.java:391)
at org.testng.SuiteRunner.run(SuiteRunner.java:330)
at org.testng.SuiteRunnerWorker.runSuite(SuiteRunnerWorker.java:52)
at org.testng.SuiteRunnerWorker.run(SuiteRunnerWorker.java:95)
at org.testng.TestNG.runSuitesSequentially(TestNG.java:1256)
at org.testng.TestNG.runSuitesLocally(TestNG.java:1176)
at org.testng.TestNG.runSuites(TestNG.java:1099)
at org.testng.TestNG.run(TestNG.java:1067)
at com.intellij.rt.testng.IDEARemoteTestNG.run(IDEARemoteTestNG.java:66)
at com.intellij.rt.testng.RemoteTestNGStarter.main(RemoteTestNGStarter.java:105)
]]>
            </full-stacktrace>
          </exception> <!-- java.lang.AssertionError -->
          <reporter-output>
          </reporter-output>
        </test-method> <!-- verifycreatenewemployee -->
        <test-method is-config="true" signature="teardown()[pri:0, instance:com.hrm.TestCases.TC_VerifyCreateNewEmployee@13cf7d52]" started-at="2024-02-28T16:15:20 IST" name="teardown" finished-at="2024-02-28T16:15:20 IST" duration-ms="135" status="PASS">
          <reporter-output>
          </reporter-output>
        </test-method> <!-- teardown -->
      </class> <!-- com.hrm.TestCases.TC_VerifyCreateNewEmployee -->
      <class name="com.hrm.TestCases.TC_VerifySearchEmployeeCreated">
        <test-method is-config="true" signature="setup(java.lang.String)[pri:0, instance:com.hrm.TestCases.TC_VerifySearchEmployeeCreated@3a3e4aff]" started-at="2024-02-28T16:15:20 IST" name="setup" finished-at="2024-02-28T16:15:21 IST" duration-ms="880" status="PASS">
          <params>
            <param index="0">
              <value>
                <![CDATA[chrome]]>
              </value>
            </param>
          </params>
          <reporter-output>
          </reporter-output>
        </test-method> <!-- setup -->
        <test-method signature="verifysearchemployee()[pri:2, instance:com.hrm.TestCases.TC_VerifySearchEmployeeCreated@3a3e4aff]" started-at="2024-02-28T16:15:21 IST" name="verifysearchemployee" finished-at="2024-02-28T16:15:36 IST" duration-ms="15312" status="PASS">
          <reporter-output>
          </reporter-output>
        </test-method> <!-- verifysearchemployee -->
        <test-method is-config="true" signature="teardown()[pri:0, instance:com.hrm.TestCases.TC_VerifySearchEmployeeCreated@3a3e4aff]" started-at="2024-02-28T16:15:36 IST" name="teardown" finished-at="2024-02-28T16:15:36 IST" duration-ms="134" status="PASS">
          <reporter-output>
          </reporter-output>
        </test-method> <!-- teardown -->
      </class> <!-- com.hrm.TestCases.TC_VerifySearchEmployeeCreated -->
    </test> <!-- C:/Users/Suhas/OrangeHRMAutomationwithType2/src/test/java/com/hrm/TestCases -->
  </suite> <!-- All Test Suite -->
</testng-results>
